4 2272 8197 6348 6632
5 2049 6655 7743 6636 6609
25 1295 6716 3912 4564 546 3870 2622 4025 5470 2634 2528 1898 3660 3984 3605 7169 499 2028 7462 3401 4626 4488 3632 2886 533
2 3869 6872
5 6048 6740 5208 9201 8233
7 9632 949 3522 9209 6301 2968 6776
9 7175 6601 355 8741 1785 6835 3134 7407 5049
8 424 3263 7334 3491 6357 6825 6839 6965
2 5879 4994
18 8719 4392 3642 2973 8645 5322 6349 7303 3328 7325 5990 9864 5388 6408 5989 353 5938 421
14 3703 4876 4266 7128 4668 3982 4993 5357 2348 4437 6033 7283 3404 6445
15 5937 2480 3142 1519 3289 7225 3061 2976 6620 3231 2533 6276 2305 9865 8968
2 1925 55
8 8382 3947 4906 3709 3958 3488 8812 6582
2 1801 6703
11 1250 6665 4937 6683 3291 3368 8346 4540 4843 4568 6685
4 6002 6292 6514 2737
17 9145 1667 7349 2191 1907 2936 950 3290 3519 3880 5547 4460 3022 1004 1257 5991 7142
24 7961 4582 3390 5775 788 2103 3391 3272 2941 4024 8706 462 3553 5728 4593 6381 3754 2288 3079 789 7118 9866 3320 1930
13 3677 5331 2369 2974 7390 2526 3625 3723 8091 4033 3253 3996 9645
9 5567 4623 3826 1908 1734 7122 9161 7709 1269
21 5924 937 3357 687 6284 2992 6818 2501 5206 8224 2645 54 3405 3321 3424 3948 4140 3016 314 2591 2390
7 7909 6867 9262 3325 4968 3186 6585
13 4627 3655 3205 1538 4458 2956 3350 2532 4625 821 8095 3173 5152
6 4153 5637 7197 3883 4562 3793
8 5297 2546 4218 7398 7650 5745 3392 925
11 8372 1191 1675 6677 7553 6628 9611 783 2787 6769 3322
14 7921 1180 2086 5243 4875 3943 3980 3657 4565 679 8129 2536 236 3066
17 9702 3389 3018 8819 3662 5772 4874 4877 7144 2898 6401 6330 1661 1707 871 4331 9139
23 2590 2972 3932 7981 8344 4563 4013 7099 4162 702 6504 0 3393 6873 3131 1818 6331 7796 3589 1699 8229 4264 6042
1 5460
21 4539 9420 9200 6334 5034 6841 4358 3727 3495 3268 6302 3097 4905 5700 1914 4595 6727 2932 7686 2531 9768
2 5909 6844
13 2386 3749 3064 2741 3140 7148 2971 9237 6758 9313 4513 9204 8801
7 1964 5941 1571 1281 7666 1405 6503
12 9610 3331 2485 3654 4330 5621 3261 1181 4988 5096 4295 3351
27 6816 2834 5041 481 3848 1830 1589 3725 819 2636 3427 2977 4861 4 543 3544 5962 1993 5092 4489 2978 431 1900 2519 3580 1256 1210
18 3242 655 373 6621 1085 3720 6317 1732 7143 1864 8472 5606 7329 4557 2597 4550 542 3863
6 3420 3108 3077 9260 9159 9441
4 7073 3627 6264 5692
33 2535 3304 7288 4276 3327 4789 2366 3355 5729 3352 3309 3113 2510 2887 3523 7279 3174 4031 2121 3046 1199 9915 4798 9077 3422 2556 4912 1002 3282 584 2759 182 3062
10 4426 9691 3386 7120 9109 8022 6006 3270 2947 9474
17 916 3324 4403 8411 6132 646 8153 7076 9984 4943 1183 2908 7848 3130 9025 3708 8464
23 5250 4380 4257 3417 7467 9516 5730 1899 4915 3305 184 647 215 218 443 9953 7950 3594 4424 8942 5028 2917 8701
20 8195 248 4379 3603 3726 4804 8754 5636 8813 731 3633 4756 8469 955 3378 7089 2639 5571 5416 3372
1 6645
2 8817 7201
28 3137 192 1521 3510 1245 8167 4897 7399 7900 9891 7534 8736 3385 113 1333 4229 7488 3287 1902 1023 3771 8806 7673 9769 8246 2631 1879 6493
14 3338 5310 6415 5375 191 2767 9751 3329 8361 1881 1736 6035 3154 4312
23 4408 8035 2966 8793 3269 2690 1955 3312 6985 3795 5552 8353 473 3664 2364 3718 4795 3193 128 120 7291 544 8474
25 9510 2019 3946 7330 822 4136 6037 4050 2430 2069 6604 8815 5178 6032 1387 1837 163 6355 3313 8712 1583 4676 4141 4863 5979
9 693 5638 5971 996 1005 5318 4850 772 6680
36 5097 3637 6406 3611 782 5224 8141 3133 8219 8114 6028 2897 3634 5867 2235 962 2453 1357 1396 7662 3208 9428 8343 7317 9975 9149 8265 8896 1038 7545 8742 3736 2314 2410 7113 8137
16 9537 2994 7952 3220 7261 8250 477 284 1458 7892 2044 6877 4030 7978 4820 2035
8 8764 1875 7348 455 4422 4190 3658 2378
4 2530 9343 5290 8967
2 4414 3353
22 7126 5774 9261 285 7121 8986 898 5625 4787 3638 6719 506 6205 3524 3143 6922 7005 4363 603 2006 2841 1513
20 2827 6253 3402 1595 4596 8418 4821 4549 6300 9725 9922 6789 4267 8297 3090 1200 9641 1660 151 7504
3 9868 7688 5342
41 721 3288 6310 8888 5943 3423 2687 3635 2562 2447 8788 8453 1912 7916 4156 8243 3871 188 4375 8705 4443 3643 2970 2293 7471 7847 2140 2162 6126 1534 8644 3750 4792 7606 8194 6387 9580 1779 1420 2073 6652
6 5604 1474 8140 3409 4979 2050
8 9377 1129 8103 3375 9170 7385 4300 6372
41 3640 9692 9169 3254 9278 9398 8138 5007 8163 1911 4219 7384 3555 2524 9035 5678 4310 3078 474 9268 1544 4895 4434 3185 418 9754 7859 8139 8964 2758 2234 8397 9590 2755 1624 2079 416 1938 1141 2525 2228
19 9291 8247 4983 7019 2051 219 7397 5340 4032 3477 8294 9047 1228 4786 1983 7722 8187 995 7003
22 4832 6870 8533 5949 340 7245 8470 8323 2065 1535 6472 9432 3956 3323 3536 8293 8328 3398 8744 5380 7528 7834
9 3042 2351 2106 6598 3847 7451 7100 7284 4612
27 4972 9928 6695 9920 3317 7980 2930 8814 9974 3639 5703 286 372 5642 7562 3103 2036 7875 5832 3910 4788 992 3080 8642 2122 2015 3845
3 9967 3403 6436
12 309 6506 8363 6672 6704 6402 394 6631 2149 5458 2070 6595
20 2380 8447 2648 6764 1880 6713 1335 5553 5343 5543 2199 9659 5492 1959 2368 4767 4555 8912 9132 8675
29 8270 6874 4900 2761 7651 2975 9959 3983 8142 697 7277 6021 3437 9119 9418 3530 993 1981 5369 8326 9698 7923 8032 6352 1517 9042 1132 1416 516
20 6732 5231 964 224 2454 2752 5987 1735 3707 3724 509 7733 7926 5080 9806 9773 1609 1984 5587 5147
21 9189 7495 6568 6868 57 3419 3413 4878 3535 5731 4393 8283 3652 9557 7891 2964 5282 1518 3641 7151 9395
36 3648 5105 2283 7951 8707 9996 2205 7749 8272 7018 1953 7320 9108 6121 8606 2414 1798 3764 8284 7511 9583 3644 2090 1897 2339 1531 4346 5667 4391 4500 8166 1000 4766 1694 1737 8727
18 7117 6407 6297 3656 9007 6123 371 699 5534 3241 6296 8316 7694 4587 1625 8715 8188 3949
8 2826 648 6663 2951 9373 5850 1628 9646
16 4732 5202 8170 5132 5302 4802 5569 3636 8248 8193 6837 9965 6820 3853 8008 1080
8 108 1189 4785 3981 463 384 8058 7125
19 6419 5245 8674 9133 6730 5595 7216 1901 2441 1931 1453 8987 9667 7963 5523 9246 729 4508 8932
28 8055 8816 6189 6039 1179 88 7281 2203 5268 1671 9022 2413 9701 1672 7068 8263 8624 9507 2456 8775 8586 8751 1211 7394 1400 112 6183 650
