5 7095 3362 6516 3745 6441
8 8657 6817 7355 6999 7448 8729 5731 6891
8 1608 4243 4023 6912 5174 7501 3202 7275
3 948 7206 7068
9 1112 966 3134 8117 4989 4688 1021 9228 5177
3 7736 5040 596
2 1440 3365
1 9234
1 4411
1 5711
3 8103 3630 3710
18 143 2282 8931 7483 4991 3571 3597 4150 7959 743 6075 8895 7905 9554 7630 9833 8479 4458
8 939 7577 9974 7820 2769 1050 960 9089
14 4232 1819 3749 210 7482 2964 4978 1558 8973 1027 1075 4263 9791 9835
7 4835 3981 7821 3720 7147 5561 1903
3 3950 2424 7353
1 7788
16 7769 4931 4857 3178 4716 5165 5852 9838 5588 5198 5622 9273 5754 2752 8723 5624
10 4401 3741 2837 4239 3413 1368 3350 3323 9908 4196
14 4136 199 914 3085 931 4256 6353 4947 9054 6168 2659 1767 3493 5575
8 4964 9945 3651 4709 8127 8118 8840 7341
7 1165 4154 5311 754 4083 8284 6324
10 5709 6606 4872 6274 6299 6479 466 5200 5953 7092
10 9091 780 5808 5227 494 1041 8096 5699 3926 6254
12 3428 951 6590 7994 538 7481 745 5811 2280 3217 7837 6877
8 3376 2968 9615 2981 3312 5420 5668 3314
9 9741 3509 1213 4986 1807 3730 7868 4229 5615
16 4842 561 7001 5901 337 2743 5499 3378 7796 947 5894 443 4540 2797 2804 5497
3 1442 5118 3611
5 1457 1218 3399 4152 7419
7 9740 4238 624 8204 8611 3434 3044
9 3283 9277 457 2983 4984 4966 3761 1020 8799
6 9941 1015 6953 7495 5078 3477
3 3337 454 286
7 1158 2828 7352 5167 3490 7502 3658
16 5616 6674 658 144 838 761 7966 805 1016 3237 3330 2402 932 777 4162 8822
16 704 4415 3430 400 7038 665 8993 5830 586 3317 747 7776 4451 2958 3269 8067
12 9236 2732 1657 3380 4722 8125 907 2415 7985 7635 2800 7268
19 3338 7982 3693 5809 4997 4968 2463 4258 1504 4224 3674 949 1155 9443 2178 1542 6098 3009 2904
15 7089 4880 1070 5127 4134 4836 2432 3309 9094 2704 1170 1619 4261 587 6506
8 7988 3486 3747 7912 1993 3418 3983 779
4 4508 3394 3011 4158
11 7791 4711 3721 3131 8209 9749 2538 3958 3632 2935 7465
9 4019 2272 8122 7773 7005 4877 7171 7170 1040
10 5688 5248 2977 3282 565 3501 4719 7516 557 3358
15 7512 8211 7571 8982 3363 7854 7513 4004 775 2869 3627 4946 8029 4215 2952
8 5713 8206 9112 306 4291 7839 3666 4476
5 1615 355 2181 7721 9110
10 2483 4001 3508 9084 1611 3232 8210 3512 5334 2170
5 1044 9614 1059 8616 1220
4 4234 5999 1639 8612
12 4175 3307 5482 6136 5296 5732 3299 6051 8157 9909 2808 4933
12 4221 7707 1029 1812 6735 5298 8623 2697 2728 3543 6080 8112
10 9940 4830 7196 5975 3405 3256 2867 8882 9194 8081
9 7827 9496 5692 1857 5623 4868 5261 3636 2167
12 1269 5557 2836 3132 464 9752 1222 9997 556 4169 4429 3245
11 1838 996 1030 6002 5584 1935 2283 559 3660 3070 4993
17 1164 2995 2861 3516 3638 3264 2631 2979 9574 4288 2890 2519 6995 4652 44 345 4216
8 2448 3946 6679 1148 2960 7825 7507 4828
10 4847 6296 8937 3612 3374 3140 3139 7720 8277 8252
1 4806
9 5937 6644 503 8130 4382 3452 1529 5193 6936
2 2641 6457
2 3987 6649
6 8749 9237 3513 4939 1814 4950
4 7682 6350 707 3249
12 9278 2740 896 958 8850 8660 3031 1532 5671 1054 1292 2315
3 2126 7524 602
11 213 8906 6150 3302 8675 8311 3620 1231 9045 336 479
5 1649 6292 3306 5168 3391
3 3153 3038 8237
17 1616 5304 9318 9969 5803 1877 7965 4356 4757 2572 3117 7515 3333 2642 8153 1116 3035
15 1038 228 7333 3142 554 846 4153 4629 909 3239 4225 1085 7797 48 3332
10 8208 3708 5806 5383 8362 4525 6662 4493 5964 6791
11 1161 5046 205 211 2128 8124 2886 8290 3092 8811 2705
14 407 2881 2843 710 3364 2742 3617 2747 7889 2750 3615 753 342 4680
10 4235 5704 1758 7660 5951 3123 778 9705 8878 1823
1 2413
14 9901 8383 6418 3335 3273 5793 709 3499 3709 9603 3624 4954 1824 5155
12 677 2994 7172 6149 8823 5255 8728 1839 4155 3326 173 2651
13 593 6647 4142 6886 4831 8309 768 2027 3922 3355 3677 4197 2186
3 4151 8870 9246
13 3145 1091 8901 7550 4145 2136 3949 7522 4024 1826 2823 9701 7996
23 1287 5798 2423 3231 7418 772 2149 3359 2985 2459 6053 4609 5730 8727 2882 8963 851 7744 305 2774 3673 3751 2482
6 8885 7533 9806 7551 1053 9993
18 4731 1747 133 1228 5172 8856 7156 4159 357 7508 858 3503 3210 1822 2503 9651 3037 5347
15 4160 4052 7737 8168 4990 7830 8283 4724 3851 8286 3357 3579 1381 9748 4764
9 4281 6661 8171 7200 7713 1073 3619 728 3697
2 282 2618
2 7879 455
2 4230 6403
17 6072 4974 748 1124 4713 5643 5513 3980 9786 808 3250 1921 7887 8480 633 2584 3675
4 2490 1064 3001 8679
8 121 3643 7191 4522 9720 2030 7699 4717
6 9980 6379 3594 5120 9989 5506
13 4419 9976 3408 2421 2874 9090 1217 7567 1773 3782 3647 3642 2816
15 7564 3305 1138 1060 5301 2574 4454 3127 3662 3246 4265 7861 9527 4681 4515
5 941 3713 3271 8980 8212
14 614 1223 9754 2693 2453 1145 654 762 1092 836 1463 3331 2010 4948
12 3994 9758 3003 3432 3368 5295 5586 4245 4203 3163 886 1122
23 3152 6285 2131 140 3254 911 3371 8964 3613 5913 1571 8704 5384 2176 8865 2416 4672 4032 2637 2857 2304 4531 7774
1 8884
6 8158 203 560 7724 3396 8724
4 2406 3495 5039 6373
11 1870 7812 5021 2873 4983 1636 4859 5192 3609 4574 773
5 562 1705 4651 8831 1738
12 9601 4017 8678 5819 7396 969 4963 478 499 4604 4264 807
11 1167 6411 6876 9050 2294 4606 3347 529 4228 2703 2872
18 2589 2838 7369 4012 7167 2259 4570 9873 2445 3276 555 2342 9662 3157 4811 702 7519 1874
12 9898 4168 3366 7485 4167 3925 7258 545 3755 9652 1081 2951
12 8715 3293 6383 3424 9992 7704 961 3610 167 2358 3030 4373
13 2491 8004 9663 2127 1093 2112 5189 615 1048 2647 1402 1125 4594
14 186 570 5970 9697 2993 771 1224 9317 550 295 9837 1893 973 1034
13 2175 3974 2738 4427 1733 5949 4953 3422 8989 803 4799 1077 3510
19 1818 2936 4958 4343 2833 3390 2640 1526 1633 3193 8292 3562 2011 3780 3402 7772 1919 381 8589
16 4425 2573 3558 3483 2636 3222 3109 318 9761 4289 4034 216 9353 2673 7782 7506
10 8288 4157 3351 3943 3860 4718 3316 4290 3575 340
4 3086 4571 9048 3135
7 6213 1384 1761 4460 2629 1398 4201
12 5957 212 9435 4735 5791 2871 4047 1614 3683 8217 3962 2810
2 2638 6706
4 5182 2939 3296 2753
3 4278 3719 8793
11 681 6410 3764 93 2458 4998 6322 770 8689 2329 3963
6 5071 6593 3773 737 1859 3699
11 621 2846 5948 209 7566 6455 4403 927 3481 9289 2722
11 4743 3385 4241 3599 4207 3420 1632 4733 4555 384 1178
11 8163 8207 458 7004 9109 1711 7244 8607 7779 3230 7719
3 3049 5641 8674
15 6214 3234 4748 7674 5784 2764 8415 8205 1079 2989 2475 5891 317 2783 3911
18 3833 6301 7835 2865 2908 3238 3416 4297 7778 8712 883 3289 8131 7978 552 442 3141 2150
20 6941 204 1802 4481 2269 1811 5788 1923 1052 8297 3426 3328 2771 2821 4569 2701 579 2387 2847 5546
17 398 5922 8302 5877 4352 1136 1794 9795 416 1385 8241 92 600 7520 1914 2820 4720
13 4740 4965 4390 567 4512 2984 6146 971 1419 4725 8200 3679 2407
11 1841 2842 7063 9287 5297 3514 3731 5725 501 880 2959
6 3059 5792 606 1037 4344 975
19 4423 366 8608 3414 6620 580 739 2926 9610 3300 3251 3243 3502 4468 8613 7600 2124 581 2884
3 8126 1193 7240
4 9572 568 3014 3315
8 1653 9231 8123 8486 741 468 3056 6628
21 8091 7195 3538 5574 3948 4254 733 5431 4686 3920 8620 3814 3091 9576 959 4002 9894 7521 2179 4450 7886
4 4016 8781 4441 5932
12 6216 1300 2246 3492 1462 905 3976 3310 4200 491 3325 3168
4 3511 1067 7494 9815
5 7226 3173 3392 7165 7349
15 9367 3742 2130 3361 9161 4905 4244 2776 7544 7087 3580 3975 7620 2830 5503
17 7297 7241 7317 7810 3504 8673 3389 7493 456 884 4837 8447 2295 7662 8881 1843 3707
13 2592 7026 597 2384 3344 3907 1243 8385 5029 540 903 283 8104
7 5181 1872 185 3181 3055 3386 7823
12 6933 6505 6767 2956 7670 6005 4650 2755 3295 3661 878 7529
3 4020 4730 3565
17 7563 9241 5022 6243 3279 115 9920 712 2140 9664 2527 9192 4805 4180 8144 2773 6836
4 8779 8732 3853 8296
2 2497 3410
3 1844 4037 1212
17 2454 5637 5466 934 4178 3261 1238 3136 3290 4211 2481 2417 2806 3733 2118 4026 3602
11 2447 6985 7706 8710 2142 1798 9810 3491 9649 2741 89
13 622 5303 2709 1804 8707 2325 4813 9755 9580 4260 2938 465 1980
7 2420 4932 3303 9682 3425 1740 1620
20 9477 9917 1344 493 3728 2334 547 2883 1065 2405 4595 4780 3669 7908 2850 4218 3487 3228 9613 1154
16 588 2071 3443 9504 7085 3007 609 3505 6614 9564 3739 2907 3298 3449 1717 816
10 5069 2756 4287 9052 8304 2736 1025 8748 1949 4607
7 3482 6583 3150 4979 5952 1897 6468
13 2299 235 391 735 5126 3918 7560 3992 3454 8310 9928 2684 1873
11 4432 8717 218 3689 3446 3412 3451 2745 3028 2242 9678
13 5958 9078 4340 706 4339 3253 8344 9359 1925 2586 4721 7998 895
13 2411 2966 3444 7163 3094 1700 5259 1004 8113 3187 4736 9902 9014
4 2171 5642 922 3664
11 1286 9911 1115 3229 3618 4708 7509 1055 1076 461 4572
2 620 1899
10 8716 5173 2814 4826 9245 3929 5163 3775 2341 3220
20 3053 8763 6943 3442 1035 2757 2972 5166 3635 3507 813 3197 1132 5724 3917 8077 2383 577 2885 751
9 9900 2134 1652 2718 1801 1058 1019 4268 9286
20 8156 8148 2969 5800 5509 9680 925 9354 8078 3770 4156 2410 3797 3759 4237 1089 2683 1273 309 2950
9 198 3301 3236 7851 3429 3500 9914 830 8886
9 9198 535 6955 5157 3255 3373 750 9987 4257
8 7680 5292 4924 5228 5184 3387 3978 2554
3 7740 5075 6330
8 6141 4892 3517 4080 5815 968 9639 4843
13 9949 8313 287 6140 8303 1104 4171 3606 3629 2666 8044 1102 4534
12 4841 8879 9840 5700 7062 3671 4045 2555 6911 2444 2795 5703
12 8033 9118 5305 3154 9733 8614 1383 2024 3496 3498 4602 6631
11 8659 7120 5475 7402 3339 3614 8746 1524 5246 3968 4049
10 1152 6378 9746 214 7082 8327 9104 3198 3715 8601
2 1252 6972
16 4793 9933 2303 220 3356 7728 2858 2286 3952 2590 3979 9789 3795 1884 4163 4186
18 3320 2974 3272 7348 5639 7532 563 5169 1141 1245 4247 4166 2146 1078 965 9159 2567 2513
10 3063 2557 4342 3233 9582 1904 4816 4294 3244 3334
5 4285 9742 729 584 7223
11 6219 7061 3126 879 1090 3714 1062 2768 4599 662 2717
2 2168 8677
20 4738 3685 3476 6167 3179 8172 582 169 7510 9002 2533 9886 6239 4036 3663 3170 1118 488 2621 5903
13 176 5690 2510 4815 3216 3732 9357 4596 3369 2953 3275 3190 4785
8 5959 3393 4926 5247 2443 7446 2255 5264
10 1648 9106 9968 5927 7817 8472 7538 3800 4817 551
12 885 8925 4959 2270 3281 9751 5935 3596 2799 9378 1986 322
11 9372 215 935 1473 5646 2493 3169 447 607 4844 8015
3 8162 6231 6884
3 9473 224 9475
10 2290 6189 9324 3601 3149 4077 2184 2182 4589 7667
2 3891 1397
11 394 7762 9607 8684 3382 9647 4088 5161 2534 881 3224
10 1272 5505 2766 4076 8336 3688 4810 720 446 9730
11 6942 736 2841 6484 675 9253 1087 7808 5258 8155 1024
4 2403 4068 6409 6610
11 4449 392 3223 856 5162 4338 9756 2123 4945 3711 3781
11 8120 3308 3633 9044 8999 5498 2338 9107 5717 5912 8276
17 3258 6233 8721 7834 9232 3967 4536 3137 2138 902 3670 1082 2997 1188 4548 450 3942
10 7296 9915 4146 3093 1242 2619 7956 5976 1039 7368
15 616 3182 3360 6988 2656 1803 9135 4972 3162 3884 5378 2244 1889 9788 3982
13 3485 9108 1885 781 3188 4173 3616 3621 4792 1627 1833 708 3678
9 4021 9219 4022 4374 4248 5096 2921 3700 3966
5 608 3435 3448 2487 4710
12 5072 3639 5257 4467 5666 3692 8416 2412 2746 1533 4694 4194
9 4176 3665 2813 3172 8306 5816 8319 913 8548
3 5183 7208 8438
5 8652 4361 9438 9214 7193
5 5810 9233 3977 3774 1061
6 4791 5226 3019 4141 388 8513
14 3297 369 9734 4600 722 5837 3556 6917 3698 3957 333 8755 2026 2643
7 1458 3280 3227 3552 7528 792 8848
9 4104 4466 5915 5241 1163 505 7672 4812 6339
4 9954 1509 933 7689
1 9279
4 8293 3836 5556 3722
5 3370 5969 2266 3277 1258
23 4135 5651 7531 6300 3478 1230 5726 5783 9979 2758 7530 2122 6077 2284 1922 2515 1554 887 8240 1399 2363 8154 3772
9 7514 1799 7526 5583 8853 4790 9252 202 711
2 5687 8852
11 9280 2713 4960 1588 1068 9913 9839 7983 1972 1031 3964
13 206 4165 1445 2627 4060 4140 4223 7568 3607 2822 187 4184 3577
13 1444 6765 6364 5306 8618 5190 3423 5739 9242 3294 769 3756 3656
11 1156 6413 1476 8238 222 5794 3433 444 5893 1143 7456
4 1797 9447 225 4337
19 8719 4514 3211 7212 7692 4455 221 9047 746 7037 5553 9195 2848 4272 3226 7631 4745 3286 2591
18 2457 489 9967 6045 4346 3598 8676 2749 4783 4849 2737 2827 9579 7775 2852 3682 860 1585
3 4110 6659 518
11 3341 4351 6329 7189 3404 8454 9706 740 4923 9612 1023
1 6269
3 9571 5047 6764
5 8773 6908 2633 396 3923
10 2652 2164 8317 2362 4120 672 8314 3343 4779 7936
11 7572 5918 5213 6144 1215 1835 3185 5554 776 2702 844
21 4821 1744 4593 3409 3690 3346 680 8655 2455 904 8969 4073 122 4715 1083 4495 311 1875 700 698 2546
12 4852 6046 4894 5756 4887 5191 2133 4255 908 3691 4541 3353
2 7746 5044
4 7675 5234 6139 8769
16 4231 363 7152 7561 7894 8654 4987 3342 7547 4149 2525 9650 3130 4808 2360 3592
2 9193 714
2 1448 6849
12 8287 8854 7696 2556 449 219 3147 8307 5416 4233 4204 4383
4 2499 6596 9930 2934
11 5804 2248 8995 4031 9640 8301 7097 5638 9361 3274 3828
7 9083 3125 3383 8166 6042 8639 2550
18 2547 6006 2754 8273 6875 6554 8894 7732 7025 4164 4284 2192 1049 3047 502 3440 4917 2875
12 233 6818 3367 8281 8397 9966 5702 6049 8824 3684 3497 5382
5 4124 9115 1045 3746 1236
6 7981 87 3225 406 2451 308
11 4863 5817 8706 7829 393 1096 4519 4286 8820 963 1033
2 2571 9744
2 6138 595
1 7511
18 679 7242 3133 5916 3406 3155 1464 8393 147 9239 7948 4971 5333 3694 331 3324 824 2811
16 8291 3098 6415 8295 7659 9965 5008 5737 3349 3143 8759 1613 3657 4206 4781 3257
3 8883 3175 9563
17 4728 5195 3177 2524 4988 3180 2148 4417 9212 9559 5332 3084 9240 2273 8102 1340 6892
6 4994 9737 7065 208 892 4007
10 5614 6445 1277 8847 4956 738 3623 6885 9988 3595
3 4280 4981 8949
16 972 611 9119 4778 7417 2815 1120 1710 1074 4061 2716 2798 1602 9845 3906 2151
9 2361 8726 3937 3488 3403 7907 2946 217 6470
7 7875 1836 592 7303 8695 8690 906
6 2121 6275 403 9850 264 5411
21 3048 6622 9230 1435 3218 7259 2205 1531 2419 3777 332 196 9609 1270 2484 8622 4784 4827 2144 1184 3578
3 1282 3318 6363
16 4967 3738 9380 4928 157 4597 1098 4727 717 3608 2801 4532 4181 7947 4568 7768
8 4803 7697 6382 3718 3919 7665 4741 3544
9 2180 9753 6412 715 3407 2943 2767 6137 8792
16 4212 2992 7694 8827 3924 3247 334 2025 4043 3564 1624 1623 634 6237 1175 3113
17 4882 1783 6561 7447 5654 8791 3146 9973 5782 1036 1135 4292 1820 1852 8837 882 4854
9 2496 4009 389 3381 5649 7277 6755 4938 9070
8 1288 9046 5283 3535 2759 1856 1051 5458
20 2456 2945 4807 9812 2034 7154 7329 2715 3723 8992 4951 4091 9573 726 8595 8312 2654 2585 2532 9105
7 9739 7880 401 3327 452 7701 2760
17 8031 440 976 521 5223 2129 1642 4834 2548 3603 8750 5390 8073 2879 2792 3445 763
5 1617 2880 7693 4823 52
9 2543 6984 9702 3934 3204 9884 7559 2714 6874
4 1254 3171 5758 4328
8 4177 365 3176 3965 558 9258 528 4065
4 678 5308 7117 7114
14 6543 9963 3124 8128 8606 705 6349 8481 9683 3411 5441 749 752 1778
3 3260 1936 6826
19 1088 8633 2537 3605 610 2724 9238 3641 3806 1722 6232 8059 6208 2996 3002 666 2987 9392 4689
20 5070 6904 4345 8947 3480 4075 2031 3972 5194 5559 3000 2876 9824 3672 4605 2223 4182 2009 2851 3010
6 5966 2932 4349 4914 7066 1225
19 402 5043 9379 8952 9478 6515 1763 3776 2644 2339 8709 1026 3321 2183 2531 4777 852 1869 9073
2 8718 2268
5 3846 4640 6374 8696 6703
8 291 5045 2770 5024 3696 669 553 7853
20 7570 356 4601 2020 9247 3388 7663 2392 3415 3506 3653 3736 137 4603 7673 3203 3717 8876 9007 4029
5 8775 6387 8594 3377 7190
13 4787 9972 4930 9001 2373 3292 9665 2965 1853 9550 2523 742 3854
21 118 1128 5284 4240 3681 1719 9641 3395 1129 8500 901 3102 2706 7174 2198 8074 8016 2120 4776 8218 719
11 1460 3311 4929 2998 4819 1610 9747 341 4667 1018 4590
8 4742 6346 3241 1241 5275 4703 1214 4341
8 765 4188 8720 5560 2661 5814 2711 8111
12 4973 942 5398 9899 5014 9583 3398 2772 9049 2288 4236 4044
14 201 2408 713 598 4633 3951 2302 3099 6078 764 4259 828 2877 4416
21 430 2278 766 9148 7081 5152 8488 4679 207 1984 8085 223 8135 338 3192 7606 8042 4598 276 3278 2623
5 5179 2970 3354 227 5640
17 1042 7350 7819 4376 1942 4028 7873 5936 1177 5596 9981 95 3727 2173 8991 1618 4189
12 9985 8836 4353 4418 1809 1934 4962 9254 810 3069 970 8647
1 3479
12 673 3737 703 6704 2177 5965 2279 8046 3637 4829 1022 1271
9 9355 916 9116 3997 9281 4252 5856 9362 6326
3 541 9235 4148
14 1159 5644 5489 8783 404 3973 4927 8722 9191 2739 3214 4027 2690 2849
10 7565 8880 5684 821 2391 4822 2019 8610 7794 3287
11 944 4890 4943 1221 4737 3417 4040 8018 4375 462 6444
10 9947 601 7558 7989 1680 8605 4191 2125 9759 4839
19 7871 2166 231 1800 5648 4955 7239 3703 4282 1114 2055 293 307 2185 4424 4774 2528 5669 5233
7 5914 9393 2507 5954 6253 2726 4940
3 3421 3752 8703
10 6142 7067 5015 8935 7186 7253 3431 7874 4226 2169
16 8662 8672 7166 8332 5518 3622 3288 7876 8574 8638 800 7940 1854 8745 1279 4473
1 9196
11 7518 469 3313 1216 8736 3158 4861 5012 671 6624 7955
22 5801 7487 1749 1886 1479 3400 4195 8898 594 3971 2961 964 8285 1487 839 8469 4580 8145 348 9660 2866 2863
13 5617 3453 9996 3375 3626 9679 3744 7534 1017 3427 1553 3726 313
19 543 618 8621 9948 5701 8725 5253 9897 900 869 9608 4886 2356 938 3729 4521 8198 7857 3590
13 4199 1057 1480 498 4814 4820 2765 945 2327 9619 7954 1456 6059
10 5706 2135 8161 5839 7083 6209 480 3644 1187 9197
10 184 8398 7718 5443 5256 4030 5180 2414 175 2963
3 8264 548 459
2 3494 6452
13 1654 9685 9867 8971 4143 8119 3043 9042 7987 5178 613 347 3148
20 1284 7920 5512 9476 4246 7687 1612 8892 9080 2990 411 5124 3716 4832 2751 0 912 3379 9495 2778
6 8028 2277 3128 2276 3941 6399
27 5802 9398 1628 7007 2486 395 2784 1891 8066 5977 8994 8229 7251 676 4266 3195 1119 9391 2777 1759 3706 3932 4704 1780 9500 3794 9809
18 4209 3240 4937 8978 6284 2658 3441 9082 4952 2862 794 3304 445 2796 3705 8149 195 2906
8 3151 6910 7003 9400 5813 3734 7906 2712
14 9604 1505 3372 8741 4866 8335 5572 5738 8682 3757 4295 2324 9381 8159
7 1414 5300 760 9841 8090 3242 4125
10 2551 9170 4488 232 674 3725 3285 3625 727 2802
14 7741 7213 4348 6054 6895 7569 3695 2860 2735 8452 4217 4535 4420 2220
6 1459 8213 6889 1295 3489 9479
15 767 3348 4976 4549 957 3604 4193 4707 4714 1342 8272 2616 1157 4202 3758
20 9368 6751 6835 5900 4003 8275 9243 4422 3029 4982 3186 3401 967 4322 343 7503 2955 4692 756 7671
14 4179 387 801 9021 3628 8658 2947 1281 8747 7633 3600 3655 1561 3066
2 9474 8975
6 7993 4765 3156 7252 5805 891
7 7872 7602 6508 599 2139 3252 1063
22 1656 9113 8114 453 2446 5031 7096 7657 3956 853 2172 4824 894 9555 1303 8242 9434 2587 3712 500 3991 8017
8 9983 7122 5857 3686 9248 5853 7537 9043
6 1047 4925 1806 8609 5550 7826
11 5705 5309 7060 8656 2763 3748 9397 4744 1871 4187 2973
4 5693 7148 1390 4456
11 534 7010 4098 9255 5510 5967 3631 7088 1247 890 9738
8 4400 4347 4253 3322 4220 367 956 2957
10 4210 229 2536 6517 2762 1140 1072 8996 848 256
1 3336
6 8289 352 3268 4788 7691 7841
7 4970 8450 9138 335 4144 3436 7464
20 5621 7753 2982 3740 4470 1651 8222 9787 2819 4227 1169 6483 9211 4469 1920 1086 8216 4941 2809 4693
6 7094 8315 7733 4706 7980 5767
9 7093 2986 7000 3384 9977 6182 1607 4734 2500
18 5605 9970 5665 3938 460 9561 4782 9356 2991 3953 5335 3455 4213 774 4183 7751 2504 2829
12 487 4944 5720 8233 7177 7780 8825 3221 7816 3687 9986 7331
8 127 408 2645 360 3209 8713 1629 5437
1 8214
5 9984 2274 6595 5820 3654
24 2553 6381 3284 5812 1905 5310 2909 2267 974 6166 1032 5895 5205 4840 4558 2949 2803 4729 755 42 845 2440 9929 5933
4 716 9345 850 226
2 4405 605
21 539 3088 6520 6638 9750 7490 6148 4251 8812 2817 1382 2748 4702 2530 3450 2300 744 758 4465 5067 3680
16 7995 3205 117 5807 8150 174 2409 4010 3970 5727 861 3484 2826 4172 72 8556
2 9951 7574
15 5683 3012 8640 2245 1663 8349 9807 5818 9982 1071 2793 3921 2988 2552 8810
8 3340 693 7702 9213 4818 1248 7421 9808
13 1283 197 6733 5164 463 5212 3129 8661 3345 2824 8998 9978 7261
3 9943 4147 6147
5 721 7669 3397 8714 4992
14 7505 4809 8370 4249 9836 1858 8757 3537 1069 3743 1080 549 2794 2878
13 8215 5048 8065 731 2404 5950 4279 4205 4723 8459 4712 7632 4174
19 5689 3184 804 8088 6680 7986 4050 962 8308 96 1028 9251 3352 4942 7855 3439 3724 1601 3008
13 1046 5481 3291 4126 8075 448 5020 1764 297 4691 8570 4697 4214
4 8038 3910 405 625
4 1461 8855 6291 2639
7 9957 5660 6541 734 230 1861 859
11 4208 4961 7194 8473 1186 2761 823 275 8617 7543 591
16 1109 1113 7370 3914 8282 3034 5224 585 8147 4825 2145 1290 4833 2174 8026 3702
11 7992 9921 9843 1941 4242 5336 1985 8667 3954 1084 664
2 8663 1450
18 6320 8954 888 6887 4354 5674 6986 9274 1868 2731 897 7932 6007 1494 2805 583 168 7187
14 4851 1066 7777 8509 8146 9655 9250 1865 718 802 1325 1056 2870 504
11 8221 2158 9961 6327 1666 8333 5356 8976 7535 5656 9403
12 1411 6913 200 7536 1043 7984 4250 7504 2825 4277 2818 1606
17 119 533 4935 9666 1103 9643 5785 546 9384 3947 3329 8160 3319 2744 3248 757 8482
17 6145 346 6414 8106 3103 9111 9472 8972 4690 3701 2648 339 4190 9891 1123 86 8219
5 3419 5011 6639 8626 7911
