15 6665 6710 6860 4963 7564 6995 5391 3206 630 276 9022 5218 9009 4126 9362
8 6787 6809 8767 3249 7256 1562 8308 6336
5 4485 6615 6364 6278 6724
3 197 2638 7246
10 3918 6861 6494 248 7328 8374 8702 1053 3929 6958
17 7095 3615 6856 6746 2061 6032 8678 8016 1530 5385 9343 280 2049 1183 5873 4787 9516
4 9498 6799 8839 6384
16 6195 6362 8746 5019 9413 7877 5550 1714 2436 4330 814 6190 3733 3647 4401 7467
24 4322 7923 6741 2797 8528 2727 1829 7881 9149 1425 3003 4789 8756 9830 9254 703 4986 8738 3703 362 239 4254 2779 9358
20 1577 8137 3137 3017 4810 5696 8040 9954 5639 3030 2088 1805 9752 3672 492 2978 7546 3445 2475 6111
22 4364 3237 8060 2392 7446 7312 7040 2579 3481 4531 8086 8238 3127 3697 1072 1374 4791 4586 1707 4052 1021 700
12 3441 3342 2443 5982 7352 3844 2396 3935 2111 9211 4582 2253
16 6560 1675 7439 382 3356 5020 569 8304 3562 4024 1870 8437 3020 8199 4525 7840
5 5611 2649 4570 2891 6383
18 1831 9928 8737 7019 3599 760 383 5497 9300 5480 5851 1358 835 9736 1297 1769 2313 6241
18 6867 3157 9545 2782 3247 2319 2420 7109 3920 5827 6076 5820 200 3348 9729 341 7787 9062
6 3633 7556 8673 4332 9519 1900
12 2314 6791 4104 7600 272 2447 539 3642 4422 8691 871 6311
6 9675 9060 6734 6417 3433 7111
9 4563 5654 4934 206 8979 7478 5627 5712 6967
21 5456 5569 6232 8626 6492 4569 9619 5666 8068 4385 6003 4927 3219 8743 9278 2618 702 8386 1260 4241 8148
8 2873 4882 2834 4590 9221 9125 5184 9139
20 4812 3315 4465 5647 3942 8497 8200 2956 8466 7984 7638 1230 8757 3301 2365 9949 4018 2431 4284 7605
10 9024 5485 7169 6358 3128 8803 5346 7162 6900 6745
6 5952 3199 1717 8483 140 7650
7 1845 825 5119 9020 3332 2340 1078
6 5373 4905 3510 9301 2046 9600
4 1046 1516 4691 6404
8 4667 3571 5194 7147 2047 3740 7531 8297
14 3865 5724 1020 7113 7159 4885 827 4984 3889 9750 439 5728 9253 9132
6 6540 2812 8050 6891 3167 3734
24 3792 6444 7453 7224 8647 5862 4536 3016 6183 5651 7681 2478 3541 2811 3240 732 8696 2082 3960 9933 1887 4504 36 9790
2 4073 5248
21 8092 2747 3274 3055 9505 3155 5612 2937 7675 3685 8305 1361 71 4310 542 2712 2844 428 2485 181 9905
6 9513 5443 5461 3968 3500 8019
11 3195 2050 3435 7746 2492 3564 3482 8997 728 980 3293
18 6737 3627 7104 2068 7010 1282 3188 2472 9096 8363 7574 2364 4897 2960 4305 1794 389 8324
22 39 5598 7684 548 1509 7020 568 2559 7078 6006 4061 3082 1761 9056 84 3530 2789 137 983 1063 2772 8
19 3129 8778 3927 315 2897 3393 4541 9357 2803 26 9387 3349 9270 1704 4577 785 3298 8398 5778
1 2207
22 4636 641 4407 3334 951 2973 9265 1267 2602 3469 9504 2321 4633 8700 624 212 4193 893 4247 3230 4367 235
21 8299 8423 2863 7023 783 4140 1771 7131 3531 21 3950 2833 1581 7862 1879 3539 540 4356 161 251 9907
23 8765 6360 4809 6476 334 4683 7480 3537 3634 9987 1716 8577 8377 55 3050 4904 3944 2756 4731 1185 2614 2601 1285
19 1525 637 2586 3408 6004 7532 8369 572 9344 2898 1163 8703 9028 688 2547 3232 46 3941 9802
5 6143 1781 6530 5502 1911
11 9624 6584 9388 7249 9999 2385 274 3159 9093 7752 6332
3 2736 3509 2371
11 6072 1644 3897 5133 0 3325 3908 8469 4064 3450 5412
24 9816 991 3372 9664 5732 7792 7069 1001 3838 1863 2574 7649 3080 8387 3493 3261 7808 978 166 1369 2055 278 3476 1742
10 4187 4454 4010 9480 3631 5445 3665 3526 8344 5912
4 9881 6309 3714 3212
19 5593 2951 4438 8122 1739 3163 2339 2852 4321 2338 7577 1112 8699 1975 220 9269 2746 2676 9363
25 1772 9703 654 3379 8171 2998 3972 6071 7900 177 483 850 8073 3001 1868 3347 3943 2490 2999 2757 3029 4158 2738 4693 3008
1 1949
17 2860 1177 9620 5419 6409 1514 8302 5344 370 9094 3194 1856 4942 369 2510 3565 7013
20 9526 2760 7079 5637 8980 5401 3084 9095 2857 2663 3126 9014 3068 3504 4349 3019 9250 1974 1702 5180
23 8968 499 2167 5865 8018 9829 3559 541 1579 2508 818 7712 4306 3555 9465 1614 3451 2952 3025 3443 4740 2489 3660
22 9678 3162 3335 6281 9603 2231 3487 179 1782 3583 4432 309 117 4129 7828 281 8402 7636 4649 2722 4387 4192
20 8754 9846 5613 5810 273 3454 2753 822 2461 3405 9103 3184 8742 8355 1275 723 4503 4198 3910 3222
23 557 4742 6267 2018 1181 231 9161 2415 8740 4242 2561 7671 653 4013 3038 7747 535 2924 91 3473 1204 154 3176
15 1881 2511 9039 4827 3264 4228 1059 4005 7939 9280 38 9283 3770 4416 3604
20 7059 3268 1457 2210 386 1813 9506 7628 1802 3731 3804 2600 2033 9583 1136 359 1323 4393 4571 1023
12 6558 8491 6151 7444 9776 8641 5822 113 1770 3984 4894 356
14 9944 3573 8260 5111 2878 9508 4992 2139 712 3172 2399 1188 8449 5765
6 3324 1779 4985 3328 9277 5355
4 9871 2946 8332 4483
20 5614 3748 9567 507 5325 1712 1186 4530 301 8051 8313 9924 3340 4342 2836 4395 4664 4344 1795 4252
25 3925 502 3402 4761 6999 1047 4776 9948 4076 538 3982 54 3021 3317 2211 1488 8191 4567 1790 3538 513 2992 8258 528 2487
2 4632 4542
18 5212 3593 3371 375 8044 6351 3712 3407 4127 3643 1371 7748 7576 1528 3169 2086 3957 4112
5 5542 6048 9032 9496 2607
6 1862 2949 7004 5099 9533 1156
20 2554 7332 6907 7553 1522 4400 2641 2035 5631 5902 3258 3085 1994 1633 2749 80 3345 4239 3651 620
11 3214 3923 2707 3422 4988 7445 1520 6959 2563 2343 2524
9 7554 6423 9067 7688 8036 3146 1512 264 6925
22 2401 1091 9657 7144 9003 381 3772 3316 4913 1612 8519 2805 2350 3292 1379 3550 7596 2848 3498 4016 3649 6096
4 4343 5074 5459 3326
7 2787 8340 6847 6220 8468 7436 3596
8 5515 7783 6892 9700 2147 9808 869 2709
13 5995 5078 59 2556 1025 9732 8764 2941 9731 1014 2724 4041 3242
14 7754 3290 2500 2230 3322 4828 9834 8480 8102 8520 2625 1115 4264 3708
24 1846 3438 5120 1432 3622 9312 8639 3359 3993 9695 4394 4509 7929 2888 1683 3683 2902 2929 353 1042 1036 3142 3501 9652
7 1513 5206 2807 4832 3552 6198 4534
10 7498 3355 2604 9126 4071 7670 2926 3527 2708 9584
16 6908 5062 8729 2883 2419 2097 3656 3145 1434 2533 3774 4084 297 8645 2356 8295
20 4858 4043 3278 4462 3418 9145 7895 4232 1517 7825 3528 2044 580 2892 367 2084 1524 4057 241 813
21 7910 6701 3321 8246 4692 1812 5010 2276 1211 999 3238 2906 4859 973 4532 4372 1397 509 815 3707 974
21 3876 5174 2876 6188 1883 3072 1273 3895 8486 4516 546 2605 3463 8698 3645 592 175 2246 2846 3905 2597
25 584 7541 4553 5825 4351 5182 9812 2718 4720 1546 431 3449 1540 1619 2377 2012 5727 1054 8169 1271 865 2217 8127 9792 3903
22 5374 2502 3534 6415 1789 8582 5500 2310 8370 8301 8371 3558 2698 9765 303 1778 1281 1926 4004 2982 250 2996
19 2376 4338 6185 2835 8462 3453 192 2578 3078 1104 2034 354 3483 2968 896 3912 1175 517 4994
5 839 7620 5506 1300 5747
14 2042 5808 1567 7027 1106 5233 1283 4327 2486 9500 9097 8731 4906 5872
5 7679 6788 1096 4993 3600
22 3577 9341 3263 5845 191 247 5124 4748 4259 2742 9964 3209 3947 2809 4779 4730 2784 4628 1560 7982 4238 516
25 9444 5165 5741 1780 6074 5949 5707 2212 2411 3309 9590 3026 3252 2140 2627 7804 3297 8184 4353 184 4763 2612 2194 4248 4295
6 2721 4201 5399 3384 3024 6021
11 2661 6361 7893 3737 2562 1791 9377 3978 7542 9833 2130
3 8561 5677 6614
26 3561 4670 238 605 3269 8095 7289 3519 1171 5126 5621 2770 8119 188 4370 3260 2501 4060 3971 1792 2874 8206 3093 3202 2755 1335
26 3337 6644 1502 6466 3262 602 4961 3289 4560 5795 2514 2658 3557 4689 424 1357 3594 8475 2774 8745 469 3442 4639 3744 2577 6521
20 9112 3308 7744 5390 90 2059 8396 8196 5913 5839 9707 8882 3946 7831 2548 4424 1533 4675 4303 5051
10 4629 8084 9241 7625 4263 4556 2866 4059 2660 530
12 5605 7190 8456 2444 552 2150 5064 3581 2750 4316 2052 2997
28 8099 7003 799 5356 7428 2353 1728 4092 4034 1210 3291 3437 4434 7707 2783 3276 2312 4857 3361 426 3369 4429 2206 4514 3752 471 2572 1550
20 4177 3831 2215 4978 3419 3584 5102 3711 3484 3018 811 5804 385 3081 2170 3771 721 4657 2079 3861
12 9912 5706 604 2875 1603 5571 9345 4205 8638 3579 2463 8569
12 7894 6522 3843 2421 2715 328 847 4929 2957 2669 4055 6222
6 3205 7373 3270 3736 2515 344
3 3461 804 6279
8 9809 3319 5350 6617 3150 729 53 816
4 3318 3587 7258 1670
8 3164 1169 138 5947 2969 64 5110 3224
5 3265 6740 6422 6534 3046
1 5132
16 3312 1909 9502 7219 5095 1009 1080 3846 2558 3014 3446 4397 658 4088 3602 1835
3 5977 6318 6679
23 4392 2229 3427 7225 5130 1867 2425 8274 7676 7736 2526 4382 2325 3204 8635 1610 8688 2621 4099 1008 995 3662 4844
17 4491 3330 7859 8930 2493 3353 1967 1405 9645 5896 4209 3138 3611 8322 4713 8500 2817
10 2681 6359 8529 3932 3151 638 8083 5264 61 8108
14 4568 1227 3588 4492 1443 3430 146 1681 823 4075 1558 9546 4555 7550
13 3338 3398 3592 7100 8633 2686 3617 593 3556 2903 3961 4093 9925
7 9699 2013 3421 4912 2133 3002 5438
26 6473 8070 6904 7025 5357 800 8734 9656 1617 3400 6223 3477 4091 3304 7925 4048 8735 1139 9479 4029 9400 2741 8234 885 521 4799
2 6331 6181
13 6471 4390 8774 3496 4300 8896 2904 4493 801 2845 8796 3488 7516
6 3425 7197 4920 9487 3323 7068
24 7441 3285 9537 9941 2877 9332 9639 5499 2864 4435 9593 5324 3426 8074 2887 3416 1733 745 396 352 1229 1205 2611 2744
20 9761 1971 1138 5167 2643 2298 3381 1722 5038 9877 3108 438 3191 3000 380 4341 4352 2308 275 4179
17 1888 6513 6555 9577 550 9260 8578 7779 2407 4535 8888 9408 7830 3754 9015 472 3047
8 4340 9611 8362 3520 5410 8186 5942 4797
7 6270 4297 3154 4883 2910 5914 3429
2 9205 3226
16 8062 6027 2594 5127 8164 6902 581 7730 758 1682 9814 3141 329 2015 8649 1
6 228 575 6046 3512 2912 7118
19 7157 7708 9123 1216 9565 68 1554 8395 3819 2499 1328 8323 7810 8272 4528 2706 2620 1083 3958
18 8017 1814 3070 9597 5488 5153 5393 3396 6014 1511 3228 2449 661 7750 391 8126 4285 5217
1 159
15 9831 4671 3928 9159 3613 3414 3448 3533 7785 7101 4019 3652 3094 3302 6626
25 3410 9012 1787 4086 3598 4090 9827 5709 8789 3646 2408 9552 792 7525 2074 9187 1276 4539 4418 4405 4741 2560 3479 4930 3805
2 3257 5695
15 5815 3741 2234 1028 4729 3563 9482 2859 8321 2826 4757 1561 2182 8389 2273
12 8310 148 6973 4053 7163 8038 1170 8167 8027 9727 1074 9864
2 3793 2296
28 3729 3147 2865 5446 9784 8893 1954 9199 2717 2434 3680 8091 3590 2040 2777 234 4415 2439 2208 2935 1272 3073 1038 2868 4584 3223 3695 4960
23 7796 8023 8640 9665 3580 4266 4063 9879 7573 1012 3452 3659 7734 3043 4194 4669 2723 2610 2484 3963 4976 2218 4608
27 9587 6000 5149 85 2238 9279 1160 3313 8349 4236 299 2292 4737 4715 2927 4903 1489 8686 1286 2552 2573 831 211 2497 3005 2739 3456
23 4648 3710 4146 9554 1828 3657 5439 5973 373 2305 3239 8522 9021 2251 600 3284 2368 3518 3004 451 886 1094 4298
13 9054 3333 7024 1044 5008 8620 6903 9778 7250 4419 2264 9755 8347
9 2233 626 2232 6608 243 3746 6116 3440 8794
8 2762 3354 7801 2583 2239 3424 4388 2637
25 6593 2793 3161 5397 6031 3436 8373 5646 183 5610 9511 307 1137 2979 3111 2758 9745 3738 3522 2019 4451 8352 4402 3088 4411
21 3363 8477 436 144 7518 9943 3420 9654 2854 2728 9089 2871 4287 7798 2735 4281 3077 3698 11 4510 4376
23 9562 2405 141 6442 9350 534 3497 9647 2166 3658 8427 3125 3921 3694 3339 1844 3216 1168 897 4245 3620 4250 2546
15 6365 4026 292 7369 2550 4234 6915 9728 2427 1734 2880 8294 3679 7706 7271
14 4983 5462 6085 5318 8482 5096 527 2467 1476 8516 1029 1519 8330 4599
18 6835 227 6028 3307 3320 3207 8718 5208 9932 9911 5123 1291 3432 7876 9986 226 3970 7974
19 9753 9090 4423 9137 7324 4783 2334 2327 9564 5001 2036 4724 2737 8499 7668 7665 1116 4762 3892
12 8631 9890 9781 7383 4210 8481 9996 453 9942 8827 4680 9578
26 6594 2462 2693 8438 7892 3259 9251 6453 2981 2309 4778 2792 1178 7547 1720 2759 3208 4230 3589 627 9914 158 1010 4244 2566 5909
26 7919 6771 6658 1605 3724 4065 5342 2838 1718 1635 725 2882 9055 8166 595 1274 4078 7791 8194 7950 2200 8372 8289 3089 4668 2794
8 9378 5748 7811 7317 5135 1750 8621 6965
11 9486 9446 2931 4861 4035 3742 3994 861 4781 1070 5570
21 6834 5405 2344 1265 7661 3756 9651 2488 7618 3134 2342 8048 2075 9811 3233 2856 1892 4578 8384 2918 9768
18 9532 4047 6169 3367 3569 4391 3985 5710 2905 1187 4480 8010 1547 7571 7672 4083 8190 8868
7 6858 6680 3675 6337 531 3549 7300
25 1640 7434 1667 8749 6148 7931 8575 9231 3783 3595 4096 1221 5642 5625 2695 1306 863 2778 3012 3343 3939 884 3022 2516 611
16 6851 8873 3721 1134 8872 4674 2767 1143 2972 3296 2599 1515 2869 3578 1920 4144
25 7598 6420 6982 9370 8054 1811 3406 3654 5002 9882 9296 8634 1327 9642 194 4033 2048 9333 2568 4849 2697 3548 3955 2983 3031
25 7930 3666 4051 2032 3246 5204 9702 3156 5874 2827 489 3673 616 8594 2900 2917 7655 8750 3431 4760 3967 2964 4243 4412 2655
7 1355 1732 833 7359 3586 3360 9628
5 6767 8828 5904 1142 6810
11 1331 2933 5487 6266 4574 3245 5239 9242 7418 7735 3574
10 8042 9293 9945 2005 7515 1309 293 1808 4481 6506
17 1261 6523 4484 8770 5171 656 6081 1568 9527 5257 9017 3521 8187 9248 2428 330 116
2 6418 8055
17 1507 6863 3991 3027 7794 5316 4369 14 9488 1402 3067 8637 3917 3455 376 4028 8229
7 7544 4665 5751 5750 441 8798 4339
21 1501 2700 1905 2316 1326 2183 2103 8447 1087 5634 3170 4420 8525 1849 3839 631 613 3701 3915 3669 1207
18 6478 3310 2387 762 3499 5022 6132 9023 8744 477 3366 8732 4282 1064 8661 4557 3901 1440
10 2235 2668 1853 1217 2329 2095 8843 5556 3668 7567
9 7257 7782 8662 2925 794 3267 2039 9397 2775
27 2027 3945 2944 4406 1710 7103 6026 4710 5755 1248 3385 9230 7800 2410 3236 4911 2657 8173 3040 3866 1206 3271 875 2588 3981 1786 672
18 7447 3034 8581 1609 3243 3415 4025 5531 1304 8459 1860 3375 7667 8391 8730 2799 2295 862
21 8306 4933 4384 230 8830 3160 9175 3503 2901 2416 5645 7519 3459 979 8341 952 3377 2831 3492 3979 462
21 8420 3747 3893 9586 3279 5386 7517 9319 9234 2930 2691 3863 3490 8584 8533 8451 8385 4371 4938 3919 4381
12 2030 7361 7559 2720 4441 300 5746 4039 7802 8031 2936 9143
8 7448 556 9644 5793 4666 8118 7011 5594
9 1885 2862 1882 5027 3553 1429 5644 3575 6529
14 7496 8583 3434 7290 1305 3133 4552 3457 9614 4790 1426 3182 8989 2745
10 9351 266 7149 795 6127 5409 9412 709 2357 5857
13 7363 6735 6055 1660 3039 2412 708 2038 1158 3478 9991 229 1126
28 9222 9514 6865 7265 944 4274 5501 9854 1464 1146 8710 1783 56 735 1590 9010 8397 466 9057 1372 1477 4080 870 4231 3601 3973 2796 3610
12 294 5313 7018 7475 1140 683 2768 9826 639 3035 8415 9957
17 10 4345 8894 3616 5482 1332 216 3735 2336 2965 1290 205 1159 856 2067 632 7666
22 6897 736 5168 5158 3720 2054 3149 5983 5683 3244 1264 7521 3983 1521 323 1478 2945 8747 1765 2731 242 1463
5 9320 6044 3728 8342 3466
31 6913 364 3382 8093 4814 5980 3404 511 8548 349 9962 5555 4386 2656 8514 9899 998 3058 2051 8030 4515 1293 2914 2615 4375 2666 7595 186 4450 3458 390
13 9038 9663 7548 3560 7799 5195 7174 9927 1691 3827 1777 4594 6472
4 7150 7552 2974 5694
11 8938 3277 8609 3253 4506 5981 3251 4346 4924 8995 1386
7 4848 6493 1685 2294 7777 4758 6546
27 4863 9523 9810 3235 5894 1642 3009 2279 4784 4049 3532 433 5181 1162 2939 1011 3709 3948 587 684 879 4277 2606 2576 3705 45 1917
19 7164 4819 1565 490 8146 5916 5024 6108 3399 3505 7514 2549 3462 1004 2172 1539 2002 1925 9053
27 4884 9107 6098 6429 7374 9780 4437 4325 3529 4585 2895 1209 1056 3951 7543 1788 4421 3916 4374 3862 2702 4042 3508 798 3976 1763 5286
26 332 2890 4161 9141 895 7852 5408 5069 5103 5609 3864 4151 198 9759 4195 1847 1537 2781 3306 267 4498 4302 4404 2575 7647 1555
3 224 8608 6496
22 5223 8433 9598 1719 5134 570 1040 830 3362 3391 7558 9105 3926 3474 1819 8198 2830 3692 1508 1506 3653 953
9 199 6556 5601 8035 3227 9404 7659 4540 5300
18 455 2028 9947 3273 3376 1089 7560 7701 8151 3213 4130 9469 8526 8460 1736 3954 3871 7969
7 1050 9662 3790 7333 3515 7189 4408
9 5643 9398 2181 3153 5520 1822 7669 8365 9256
10 3898 187 9281 2417 1431 7878 1403 2732 510 7130
2 5915 6632
5 3885 5986 8189 3749 6954
18 5791 3743 3336 6890 9837 8906 3572 8964 5690 2894 9425 1801 986 3218 1493 8513 393 360
25 474 5809 4735 4989 2699 1815 3148 3387 1316 2179 9292 377 4251 9080 9983 4697 4562 7549 3834 2527 7865 35 4551 240 7981
17 384 3187 7578 8364 9643 379 3220 2716 3591 8489 1085 3174 327 9524 3221 657 4736
21 3826 769 9259 1401 8994 2565 8652 972 2659 9836 2311 9008 2326 96 7866 8878 8550 9579 597 2423 150
14 9176 6375 6870 3937 9493 7331 5060 2634 1095 9006 7572 4957 1353 5969
13 3990 9615 2324 8075 3447 5023 9660 5759 9232 8440 7775 4046 8716
5 9210 3621 9246 8987 3428
2 416 6388
19 3930 3357 8078 473 3401 3314 3411 3566 9261 3135 2057 543 3210 3470 2460 3700 512 4249 4314
19 5539 5349 6269 5998 3980 8929 8242 8296 4774 9791 2426 3626 2132 7557 4721 8288 9595 2477 9382
5 3 3964 821 3779 6700
7 7061 1141 1076 2433 9315 5183 8211
8 5201 4764 7155 2714 9127 3380 2628 9108
3 9410 1757 2519
7 2665 9793 3423 3409 797 3152 7485
14 1017 4095 6196 4094 6996 4544 9997 1855 5632 8572 8325 7749 3686 7658
22 151 3373 9542 4777 5723 7161 7511 5503 8795 5098 2281 3013 9468 3840 3071 9520 423 2763 2837 2400 4246 2063
4 2636 6975 5757 9889
10 8984 7330 937 1695 9541 3439 3837 8840 5858 5108
4 3331 8576 3934 6550
24 5595 9147 7355 190 5524 7160 7430 5109 3655 2751 8495 460 3806 1824 2923 1026 8366 7678 4030 2788 3056 8293 1007 1006
6 2553 4822 2318 9548 1041 5430
22 22 3368 3715 5407 3614 1993 1270 4708 1278 9756 2532 9307 1173 1043 7805 3524 3178 3907 4308 2164 2976 1891
6 290 1414 1902 549 87 8741
25 3717 2829 1458 3144 2403 2696 5972 6156 7177 699 7561 6070 8283 9710 1564 2432 81 2284 1455 860 4678 529 4727 3956 4899
19 9887 6381 6158 2893 9481 3480 1930 4565 5705 1804 3485 2705 2243 4015 4554 3344 3684 8498 4932
2 5372 5154
19 5636 7803 2670 1724 4054 305 8763 222 4347 3966 3835 4056 465 4580 1299 1886 4079 2825 277
7 8527 8172 8314 5444 6465 2765 8517
16 3896 5314 7329 2031 8145 2743 52 7562 939 9440 2761 1155 4878 8939 753 3914
15 2752 6561 4007 5792 7499 4486 3374 5549 8935 2555 3158 9483 4958 4801 9709
11 6848 5840 3412 4719 2598 5708 9655 7168 9369 4017 7468
13 9373 9136 3329 6997 1731 5007 7528 3132 2020 8970 4714 5797 6589
15 1354 9992 125 791 3988 5417 1280 9748 4354 8080 8617 2414 4690 3201 8106
11 5224 4706 1128 1898 486 3165 2971 5203 3833 7941 5597
2 355 6583
5 1906 8413 9920 3370 6885
22 8942 7738 7776 3403 7255 8985 2529 754 508 3131 2870 9494 262 4213 1715 940 3639 4368 2214 4733 1901 4663
13 8416 432 2921 246 3076 1098 7474 4334 3551 4527 9782 8643 9220
19 4919 2362 9286 784 3670 6194 8331 701 3576 2771 4199 3254 1339 8660 8014 2879 2966 4853 6221
10 3872 3628 3730 2970 257 5347 9659 5890 1302 9880
3 5806 5395 1913
4 7616 7376 9365 288
21 1199 3275 5402 5704 8842 1482 2216 2331 7695 2317 1684 2766 3873 3168 3671 387 3217 4800 4380 2521 3467
21 9334 3727 2861 8845 3513 5978 1858 3949 8532 2278 4676 8009 1356 3057 3341 8195 366 2053 882 2985 4980
11 7306 6117 3389 7222 601 7778 7443 6147 4995 5760 2795
6 594 374 7146 820 2664 2180
17 1503 8574 4987 4009 1574 5394 8605 5146 296 3189 9037 7653 8484 9725 1154 1398 1806
5 1545 5769 8124 2671 6944
21 9698 5388 6489 2094 2361 2177 5125 7710 1312 5801 8114 3899 9531 1258 9529 3288 4507 4501 665 4611 2595
3 306 5453 3609
11 1346 9528 4037 5893 1848 9335 4545 1288 1768 9029 8807
22 4320 2938 2603 4396 9092 57 2189 7637 3936 3351 1690 1727 1208 7709 92 590 1110 1755 4262 325 4931 4775
1 5330
17 4700 5118 9247 256 3795 5823 576 7623 3352 221 2855 9779 4082 9188 8450 8412 8659
17 6468 8348 245 2841 5449 660 2934 9215 1086 2567 3517 9346 8665 1665 8708 2719 2091
26 1878 3511 5805 7568 5665 2174 7358 7566 8116 4074 2619 746 4991 9268 3489 8443 1737 3494 4453 3732 3256 3906 4517 1060 3033 4937
22 487 2175 7471 7378 5030 2228 5104 2975 1190 2016 2165 7924 7619 7657 4850 3693 4058 3041 3444 3516 4637 1228
10 9433 4267 7033 8636 3902 1676 8587 1081 1818 776
25 1595 6310 7000 9124 7007 3006 6126 8721 727 1090 9379 2384 2704 8553 2062 8057 1973 2265 1708 894 89 518 3650 4767 2769
8 4414 5122 3300 5730 4260 5553 3718 2254
2 4892 2977
13 6912 9299 6464 7455 2703 9497 2726 3674 4098 6034 1130 5848 5997
8 8406 3664 9762 3303 8990 5826 7039 3225
4 8858 8059 3287 5172
3 9178 3364 3383
7 6859 4348 8777 2352 3392 2011 3200
12 203 74 6440 5458 7063 4523 5623 5031 3413 1184 3713 5420
14 9975 6557 9591 9594 7780 6895 2106 3803 2884 1039 7377 1359 1447 2853
20 4867 5319 8806 7524 2886 7651 7809 1836 8478 1179 2734 4280 2024 4050 8165 4860 3638 4011 3640 1391
20 3817 6643 1907 5387 7141 2896 2673 261 9900 1147 3311 3687 1798 1487 7526 1705 67 2608 4044 2800
8 789 8992 3280 5398 3075 629 5700 4413
22 7262 5758 1852 8801 5403 1034 4718 5530 102 5552 2801 1480 2370 3644 8418 888 1965 2064 4121 2570 3965 4739
23 8603 7143 4593 997 1880 1875 7433 5190 8602 5944 1479 7703 1449 4032 1613 50 3051 3636 3974 4695 4383 682 4804
12 7009 9376 9288 3663 2806 2144 4851 9998 5903 7880 4522 1066
17 3241 767 6430 2023 4772 4350 3661 467 2776 4398 3836 269 2919 2440 2323 1252 8890
16 4658 9701 6203 3739 720 3327 6023 3079 8033 9555 7507 2069 4233 3215 2014 9690
23 6766 3015 6725 7479 628 3952 6079 4615 633 4257 2644 655 1859 4077 7797 3875 985 1292 263 2213 2713 3095 4399
21 9224 878 1518 5322 4782 1553 2335 6240 3139 4923 689 9958 7874 2872 695 4732 3048 647 4027 429 1745
4 6110 1298 761 9314
19 1277 3612 3618 5392 4982 5029 5507 2725 1756 2209 2128 765 265 4564 1485 686 788 8292 852
24 1295 6763 6868 9666 4333 3868 1671 2092 3395 3272 4826 5895 8357 8303 1352 3681 749 2116 1135 4318 2078 1919 3807 9207
7 7454 268 9453 8759 706 9263 7133
6 7943 2881 834 2889 3074 1687
1 9525
9 339 7916 295 8280 3719 279 9775 458 9180
25 7372 3365 4873 7626 9553 1832 5508 5266 2509 588 3136 4722 4561 3042 5875 8326 1602 3507 4040 1559 3023 156 2672 4508 4256
14 662 1865 5429 8117 6916 741 5451 4006 826 532 3465 9749 1607 5663
11 5596 5504 4085 9521 4031 5396 9993 1857 3799 9098 6525
20 1894 3723 786 7873 5633 533 5025 864 3933 357 3471 3299 4573 819 3808 1093 1380 2483 4558 1385
6 2764 5766 954 167 9359 7259
19 9466 3234 6535 1563 3417 9783 5026 3460 2413 4197 5697 2984 7795 9646 1793 371 2429 3282 4773
24 3624 828 2066 4189 8736 6733 6002 6043 2393 3637 5131 5382 3193 4681 1362 3585 351 213 2087 3635 4070 8135 2517 4575
21 5220 2915 9582 1013 4559 5164 3689 8871 6001 603 3913 1378 1148 4856 3185 726 421 1890 3911 3690 3011
15 5869 2518 6953 2780 3798 9297 883 9822 536 7527 3997 284 8490 2667 4081
23 2222 3464 8844 63 1893 3066 3931 881 663 793 8797 2359 9005 365 1586 3350 411 1145 2808 3904 2581 2740 673
6 5533 9994 2409 8993 9757 6882
19 3582 7461 4272 1065 6075 8879 1688 598 9122 7896 2948 2711 358 3682 9575 1703 2675 4538 5592
21 670 8521 3397 6686 3010 9839 5197 94 2942 8368 13 7793 4728 1377 2198 1721 8687 4902 255 1976 1027
24 9959 5215 6833 843 6943 258 8393 5731 9825 9730 2804 4701 8183 8378 8032 3083 1189 2557 3975 3545 3969 4524 716 6010
17 1435 3294 326 8390 1827 7741 4581 3884 4214 8207 812 981 1287 3295 2908 4279 8452
6 3183 6664 3502 2773 214 7339
12 6426 6082 2178 6998 7017 7043 1510 694 3676 4022 2692 6923
18 5880 1735 7320 6352 5406 5317 4459 5830 4519 3203 193 9135 2538 8185 4707 478 4038 8697
20 9692 7318 5979 7774 8881 3992 2083 9559 9849 5003 3069 3603 2947 4699 1762 4955 4409 880 1921 846
22 9705 9835 2810 3491 560 2980 8081 1497 32 1689 7926 9436 5729 1723 143 4997 8690 31 253 515 4588 3032
8 456 2058 8228 3883 7540 9495 7751 733
6 868 8933 9228 9501 289 7050
27 1874 3632 9152 8028 4709 7165 2571 3475 6924 2504 1674 1601 3186 7763 3900 1475 2065 4235 302 2754 7644 1051 4045 687 545 4802 971
27 7996 6675 1057 9499 7158 4133 4909 4216 5340 60 2867 2674 1161 9339 9777 8739 4003 7726 3166 3346 3523 157 1982 4443 9649 3506 1889
24 9800 9355 4036 1324 7563 4726 3688 5638 2406 9828 2569 8041 5892 4089 8049 485 988 2127 544 782 3250 3953 2987 2564
9 6616 2899 7435 6553 7490 8986 9653 237 5368
21 5472 1796 9592 796 189 4278 1446 5739 9311 2989 5905 4101 9155 1180 9576 8671 4940 1149 4855 4240 6980
4 7186 817 6379 6272
17 685 1314 2646 8991 9235 1370 5101 5974 9252 1758 2404 7784 4427 1740 260 3879 4265
23 5659 6366 448 5537 1648 5861 2022 8536 4939 5897 8111 4886 1922 1150 4935 4410 1481 7645 1964 1182 690 4981 3036
13 322 7565 3283 5121 8610 2188 872 3130 3629 4286 8039 738 8867
13 1773 4738 2842 9364 2275 3486 7180 772 704 1101 3881 1866 9157
6 1022 6792 7449 1105 3567 1144
15 4872 3255 9847 9121 1759 2986 5028 2943 4066 5794 9478 9081 2093 3940 9561
13 5846 9556 3514 1746 434 4550 5534 8518 4417 1250 2802 9689 5276
20 4373 2026 4191 8453 3472 4505 7066 1725 8758 2169 3986 2145 8367 1809 457 8188 285 388 3196 8458
14 5129 6609 2733 1404 5323 7806 8298 7570 977 9239 9042 9704 750 2988
22 5967 9316 3726 866 4862 9901 5649 9963 8554 139 9503 2858 3192 468 1473 2060 4403 2398 4941 3229 4008 4640
12 3678 9177 1912 4377 2729 5243 8973 8555 3568 1235 4887 6114
23 9445 3987 2089 5600 6542 4221 8345 283 1760 8442 5689 3175 693 1269 2029 3044 8360 3054 2435 4583 2680 3468 9650
19 3007 6432 8011 5442 514 3630 9431 8192 5907 5698 9041 9566 7728 7807 3286 9472 1251 254 2306
12 9172 3667 1997 8464 2037 9402 5128 1527 8928 4833 8356 8824
8 2701 9892 372 6610 6554 6410 7569 3358
5 6470 7022 5021 8523 440
19 921 6849 3248 5484 8392 8926 8934 3830 9380 5790 8394 579 378 7506 2424 4337 567 1766 2171
19 3140 5764 2221 8085 8346 9747 5532 2081 9340 310 4990 5343 9697 1000 2045 2928 3037 4537 675
17 1668 9394 7042 3305 2320 8247 5441 236 9952 1296 7713 5999 2135 2250 8488 2328 8802
24 9428 5870 6871 7148 9490 8733 4087 8892 2056 9688 2469 2341 400 361 2689 2322 3211 3832 8290 873 4253 3570 182 2551
27 3045 5363 2236 5321 398 7872 2430 5796 5094 1303 5868 7491 8503 599 9530 7786 7523 9946 9815 2358 7648 4896 363 3909 4566 3266 3495
